<?xml version="1.0" encoding="UTF-8"?>
<testng-results ignored="0" total="2" passed="2" failed="0" skipped="0">
  <reporter-output>
  </reporter-output>
  <suite started-at="2025-10-01T07:48:06 EDT" name="Suite" finished-at="2025-10-01T07:49:19 EDT" duration-ms="72787">
    <groups>
    </groups>
    <test started-at="2025-10-01T07:48:06 EDT" name="All Users Login Tests" finished-at="2025-10-01T07:49:19 EDT" duration-ms="72787">
      <class name="testCases_Provider.Provider_Appointment_Booking">
        <test-method is-config="true" signature="setup(java.lang.String)[pri:0, instance:testCases_Provider.Provider_Appointment_Booking@4f83df68]" started-at="2025-10-01T07:48:06 EDT" name="setup" finished-at="2025-10-01T07:48:16 EDT" duration-ms="9737" status="PASS">
          <params>
            <param index="0">
              <value>
                <![CDATA[chrome]]>
              </value>
            </param>
          </params>
          <reporter-output>
          </reporter-output>
        </test-method> <!-- setup -->
        <test-method is-config="true" signature="initPages()[pri:0, instance:testCases_Provider.Provider_Appointment_Booking@4f83df68]" started-at="2025-10-01T07:48:16 EDT" name="initPages" finished-at="2025-10-01T07:48:16 EDT" duration-ms="37" status="PASS">
          <reporter-output>
          </reporter-output>
        </test-method> <!-- initPages -->
        <test-method is-config="true" signature="setUp(java.lang.reflect.Method)[pri:0, instance:testCases_Provider.Provider_Appointment_Booking@4f83df68]" started-at="2025-10-01T07:48:16 EDT" name="setUp" finished-at="2025-10-01T07:48:16 EDT" duration-ms="2" status="PASS">
          <params>
            <param index="0">
              <value>
                <![CDATA[public void testCases_Provider.Provider_Appointment_Booking.appointmentBooking() throws java.lang.InterruptedException]]>
              </value>
            </param>
          </params>
          <reporter-output>
          </reporter-output>
        </test-method> <!-- setUp -->
        <test-method signature="appointmentBooking()[pri:1, instance:testCases_Provider.Provider_Appointment_Booking@4f83df68]" started-at="2025-10-01T07:48:16 EDT" name="appointmentBooking" finished-at="2025-10-01T07:49:00 EDT" duration-ms="44108" status="PASS">
          <reporter-output>
          </reporter-output>
        </test-method> <!-- appointmentBooking -->
        <test-method is-config="true" signature="setUp(java.lang.reflect.Method)[pri:0, instance:testCases_Provider.Provider_Appointment_Booking@4f83df68]" started-at="2025-10-01T07:49:00 EDT" name="setUp" finished-at="2025-10-01T07:49:00 EDT" duration-ms="2" status="PASS">
          <params>
            <param index="0">
              <value>
                <![CDATA[public void testCases_Provider.Provider_Appointment_Booking.providerAppointmentDelete() throws java.lang.InterruptedException]]>
              </value>
            </param>
          </params>
          <reporter-output>
          </reporter-output>
        </test-method> <!-- setUp -->
        <test-method signature="providerAppointmentDelete()[pri:2, instance:testCases_Provider.Provider_Appointment_Booking@4f83df68]" started-at="2025-10-01T07:49:00 EDT" name="providerAppointmentDelete" finished-at="2025-10-01T07:49:19 EDT" duration-ms="18700" status="PASS">
          <reporter-output>
          </reporter-output>
        </test-method> <!-- providerAppointmentDelete -->
        <test-method is-config="true" signature="tearDown()[pri:0, instance:testCases_Provider.Provider_Appointment_Booking@4f83df68]" started-at="2025-10-01T07:49:19 EDT" name="tearDown" finished-at="2025-10-01T07:49:19 EDT" duration-ms="114" status="PASS">
          <reporter-output>
          </reporter-output>
        </test-method> <!-- tearDown -->
      </class> <!-- testCases_Provider.Provider_Appointment_Booking -->
    </test> <!-- All Users Login Tests -->
  </suite> <!-- Suite -->
</testng-results>
