<?xml version="1.0" encoding="UTF-8"?>
<testng-results ignored="0" total="1" passed="1" failed="0" skipped="0">
  <reporter-output>
  </reporter-output>
  <suite started-at="2025-09-22T04:50:25 EDT" name="Suite" finished-at="2025-09-22T04:52:07 EDT" duration-ms="102575">
    <groups>
    </groups>
    <test started-at="2025-09-22T04:50:25 EDT" name="All Users Login Tests" finished-at="2025-09-22T04:52:07 EDT" duration-ms="102575">
      <class name="testCases_Provider.Provider_Zoom_Session_EndToEnd">
        <test-method is-config="true" signature="setup(java.lang.String)[pri:0, instance:testCases_Provider.Provider_Zoom_Session_EndToEnd@1bd4fdd]" started-at="2025-09-22T04:50:25 EDT" name="setup" finished-at="2025-09-22T04:50:35 EDT" duration-ms="10495" status="PASS">
          <params>
            <param index="0">
              <value>
                <![CDATA[chrome]]>
              </value>
            </param>
          </params>
          <reporter-output>
          </reporter-output>
        </test-method> <!-- setup -->
        <test-method is-config="true" signature="initPages()[pri:0, instance:testCases_Provider.Provider_Zoom_Session_EndToEnd@1bd4fdd]" started-at="2025-09-22T04:50:35 EDT" name="initPages" finished-at="2025-09-22T04:50:35 EDT" duration-ms="37" status="PASS">
          <reporter-output>
          </reporter-output>
        </test-method> <!-- initPages -->
        <test-method is-config="true" signature="setUp(java.lang.reflect.Method)[pri:0, instance:testCases_Provider.Provider_Zoom_Session_EndToEnd@1bd4fdd]" started-at="2025-09-22T04:50:35 EDT" name="setUp" finished-at="2025-09-22T04:50:35 EDT" duration-ms="1" status="PASS">
          <params>
            <param index="0">
              <value>
                <![CDATA[public void testCases_Provider.Provider_Zoom_Session_EndToEnd.EndToEndZoom() throws java.lang.InterruptedException]]>
              </value>
            </param>
          </params>
          <reporter-output>
          </reporter-output>
        </test-method> <!-- setUp -->
        <test-method signature="EndToEndZoom()[pri:1, instance:testCases_Provider.Provider_Zoom_Session_EndToEnd@1bd4fdd]" started-at="2025-09-22T04:50:35 EDT" name="EndToEndZoom" finished-at="2025-09-22T04:52:07 EDT" duration-ms="91838" status="PASS">
          <reporter-output>
          </reporter-output>
        </test-method> <!-- EndToEndZoom -->
        <test-method is-config="true" signature="tearDown()[pri:0, instance:testCases_Provider.Provider_Zoom_Session_EndToEnd@1bd4fdd]" started-at="2025-09-22T04:52:07 EDT" name="tearDown" finished-at="2025-09-22T04:52:07 EDT" duration-ms="156" status="PASS">
          <reporter-output>
          </reporter-output>
        </test-method> <!-- tearDown -->
      </class> <!-- testCases_Provider.Provider_Zoom_Session_EndToEnd -->
    </test> <!-- All Users Login Tests -->
  </suite> <!-- Suite -->
</testng-results>
