<?xml version="1.0" encoding="UTF-8"?>
<!-- Generated by org.testng.reporters.JUnitXMLReporter -->
<testsuite ignored="0" hostname="SSTL-065" failures="0" tests="5" name="All Users Login Tests" time="125.428" errors="0" timestamp="2025-10-14T04:22:51 EDT">
  <testcase classname="testCases_Case.Login_Case" name="Case_login" time="9.642"/>
  <testcase classname="testCases_Admin.Login_Admin" name="Admin_login" time="24.422"/>
  <testcase classname="testCases_Patient.Login_Patient" name="Patient_login" time="4.087"/>
  <testcase classname="testCases_Provider.Login_Provider" name="Provider_login" time="7.105"/>
  <testcase classname="testCases_PAS.Login_PAS" name="Patient_access_specialist_login" time="8.931"/>
</testsuite> <!-- All Users Login Tests -->
