<?xml version="1.0" encoding="UTF-8"?>
<!-- Generated by org.testng.reporters.JUnitXMLReporter -->
<testsuite ignored="0" hostname="SSTL-065" failures="0" tests="5" name="All Users Login Tests" time="145.166" errors="0" timestamp="2025-10-14T05:26:34 EDT">
  <testcase classname="testCases_Case.Patient_Creation" name="Patient_Creation_by_CM" time="81.054"/>
  <testcase classname="testCases_Case.Patient_Creation" name="Check_Patient_Created" time="3.084"/>
  <testcase classname="testCases_Case.Patient_Creation" name="Verifying_Patient_Duplication" time="8.522"/>
  <testcase classname="testCases_Case.Patient_Creation" name="View_Edit_Patient_Assessment_Options" time="20.664"/>
  <testcase classname="testCases_Case.Patient_Creation" name="Connected_User_To_New_Patient" time="19.752"/>
</testsuite> <!-- All Users Login Tests -->
