<?xml version="1.0" encoding="UTF-8"?>
<!-- Generated by org.testng.reporters.JUnitXMLReporter -->
<testsuite ignored="0" hostname="SSTL-168" failures="0" tests="2" name="All Users Login Tests" time="72.787" errors="0" timestamp="2025-10-01T07:49:19 EDT">
  <testcase classname="testCases_Provider.Provider_Appointment_Booking" name="appointmentBooking" time="44.108"/>
  <testcase classname="testCases_Provider.Provider_Appointment_Booking" name="providerAppointmentDelete" time="18.7"/>
</testsuite> <!-- All Users Login Tests -->
