<?xml version="1.0" encoding="UTF-8"?>
<!-- Generated by org.testng.reporters.JUnitReportReporter -->
<testsuite hostname="SSTL-065" failures="0" tests="5" name="testCases_Case.Patient_Creation" time="102.039" errors="0" timestamp="2025-10-14T04:31:02 EDT" skipped="0">
  <testcase classname="testCases_Case.Patient_Creation" name="Patient_Creation_by_CM" time="60.413"/>
  <testcase classname="testCases_Case.Patient_Creation" name="Check_Patient_Created" time="2.811"/>
  <testcase classname="testCases_Case.Patient_Creation" name="Verifying_Patient_Duplication" time="8.113"/>
  <testcase classname="testCases_Case.Patient_Creation" name="View_Edit_Patient_Assessment_Options" time="18.087"/>
  <testcase classname="testCases_Case.Patient_Creation" name="Connected_User_To_New_Patient" time="12.615"/>
</testsuite> <!-- testCases_Case.Patient_Creation -->
