<?xml version="1.0" encoding="UTF-8"?>
<!-- Generated by org.testng.reporters.JUnitReportReporter -->
<testsuite hostname="SSTL-065" failures="0" tests="10" name="testCases_Case.Patient_Creation" time="283.385" errors="0" timestamp="2025-10-14T05:36:20 EDT" skipped="0">
  <testcase classname="testCases_Case.Patient_Creation" name="Patient_Creation_by_CM" time="83.095"/>
  <testcase classname="testCases_Case.Patient_Creation" name="Patient_Creation_by_CM" time="81.054"/>
  <testcase classname="testCases_Case.Patient_Creation" name="Check_Patient_Created" time="3.085"/>
  <testcase classname="testCases_Case.Patient_Creation" name="Check_Patient_Created" time="2.868"/>
  <testcase classname="testCases_Case.Patient_Creation" name="Verifying_Patient_Duplication" time="8.524"/>
  <testcase classname="testCases_Case.Patient_Creation" name="Verifying_Patient_Duplication" time="9.095"/>
  <testcase classname="testCases_Case.Patient_Creation" name="View_Edit_Patient_Assessment_Options" time="25.521"/>
  <testcase classname="testCases_Case.Patient_Creation" name="View_Edit_Patient_Assessment_Options" time="20.712"/>
  <testcase classname="testCases_Case.Patient_Creation" name="Connected_User_To_New_Patient" time="29.678"/>
  <testcase classname="testCases_Case.Patient_Creation" name="Connected_User_To_New_Patient" time="19.753"/>
</testsuite> <!-- testCases_Case.Patient_Creation -->
