<?xml version="1.0" encoding="UTF-8"?>
<!-- Generated by org.testng.reporters.JUnitReportReporter -->
<testsuite hostname="SSTL-065" failures="0" tests="2" name="testCases_Patient.Login_Patient" time="15.255" errors="0" timestamp="2025-10-14T04:31:02 EDT" skipped="0">
  <testcase classname="testCases_Patient.Login_Patient" name="Patient_login" time="11.168"/>
  <testcase classname="testCases_Patient.Login_Patient" name="Patient_login" time="4.087"/>
</testsuite> <!-- testCases_Patient.Login_Patient -->
